<?xml version="1.0" encoding="UTF-8"?>
<testng-results ignored="0" total="1" passed="1" failed="0" skipped="0">
  <reporter-output>
  </reporter-output>
  <suite started-at="2022-06-02T20:38:57 IST" name="Default suite" finished-at="2022-06-02T20:38:57 IST" duration-ms="56">
    <groups>
    </groups>
    <test started-at="2022-06-02T20:38:57 IST" name="Default test" finished-at="2022-06-02T20:38:57 IST" duration-ms="56">
      <class name="com.orange.testscripts.PIM_Tests">
        <test-method signature="addEmployeeFromPIM()[pri:1, instance:com.orange.testscripts.PIM_Tests@4fb3ee4e]" started-at="2022-06-02T20:38:57 IST" name="addEmployeeFromPIM" finished-at="2022-06-02T20:38:57 IST" duration-ms="19" status="PASS">
          <reporter-output>
          </reporter-output>
        </test-method> <!-- addEmployeeFromPIM -->
      </class> <!-- com.orange.testscripts.PIM_Tests -->
    </test> <!-- Default test -->
  </suite> <!-- Default suite -->
</testng-results>
